<?xml version="1.0" encoding="UTF-8"?>
<!-- Generated by org.testng.reporters.JUnitReportReporter -->
<testsuite hostname="ASIA31064" failures="0" tests="1" name="testBase.CopyWorkItems" time="45.727" errors="0" timestamp="2023-06-13T13:14:53 IST" skipped="0">
  <testcase classname="testBase.CopyWorkItems" name="createBug" time="45.727"/>
  <system-out/>
</testsuite> <!-- testBase.CopyWorkItems -->
